// 重构日志: 2057354a
// 重构日志: 400b4f71
// 重构日志: 644f7ed3
// 同步 ID: 8f8adcb4 @ Thu Jul 16 00:52:43 UTC 2026
// 重构日志: b0a051a4
// 重构日志: 7aa35b82
// 重构日志: 70d6ab4e
// 重构日志: 73255558
// 同步 ID: f9e9ed05 @ Fri Jul 17 06:37:43 UTC 2026
// 同步 ID: de1b20b1 @ Fri Jul 17 09:37:53 UTC 2026
// 同步 ID: 6587df01 @ Fri Jul 17 12:12:09 UTC 2026
// 重构日志: 84834f22
// 同步 ID: 2db4e73b @ Fri Jul 17 22:24:52 UTC 2026
// 重构日志: 0d3edda1
// 重构日志: 989ad8cc
// 同步 ID: 42e7f43c @ Sat Jul 18 12:23:35 UTC 2026
// 同步 ID: 366d42f4 @ Sat Jul 18 14:34:12 UTC 2026
// 重构日志: fb1904f0
// 同步 ID: 7d80be54 @ Sat Jul 18 22:12:17 UTC 2026
// 重构日志: dd71f9f6
// 同步 ID: 2c8e93e9 @ Sun Jul 19 14:23:03 UTC 2026
// 同步 ID: d58d667f @ Sun Jul 19 17:23:38 UTC 2026
// 重构日志: 4fb1c684
// 同步 ID: f8895015 @ Mon Jul 20 00:23:59 UTC 2026
// 同步 ID: 8ef118ff @ Mon Jul 20 11:14:23 UTC 2026
// 重构日志: e5cfed14
// 同步 ID: 82670615 @ Tue Jul 21 07:37:33 UTC 2026
// 同步 ID: 20c52667 @ Tue Jul 21 12:26:31 UTC 2026
// 同步 ID: be70bc5a @ Tue Jul 21 17:08:21 UTC 2026
// 同步 ID: 54f9f0e7 @ Wed Jul 22 00:12:14 UTC 2026
